{"id":"192.168.0.100.tm171572708759800001","wasCommitted":true,"participants":[{"uri":"192.168.0.100.tm1","state":"COMMITTING","expires":1715727097639,"resourceName":"jmsConnectionFactory"}]}
{"id":"192.168.0.100.tm171572708759800001","wasCommitted":true,"participants":[{"uri":"192.168.0.100.tm1","state":"TERMINATED","expires":1715727098542,"resourceName":"jmsConnectionFactory"}]}
{"id":"192.168.0.100.tm171572708864200002","wasCommitted":true,"participants":[{"uri":"192.168.0.100.tm2","state":"COMMITTING","expires":1715727098652,"resourceName":"jmsConnectionFactory"}]}
{"id":"192.168.0.100.tm171572708864200002","wasCommitted":true,"participants":[{"uri":"192.168.0.100.tm2","state":"TERMINATED","expires":1715727099553,"resourceName":"jmsConnectionFactory"}]}
{"id":"192.168.0.100.tm171572708965300003","wasCommitted":true,"participants":[{"uri":"192.168.0.100.tm3","state":"COMMITTING","expires":1715727099660,"resourceName":"jmsConnectionFactory"}]}
{"id":"192.168.0.100.tm171572708965300003","wasCommitted":true,"participants":[{"uri":"192.168.0.100.tm3","state":"TERMINATED","expires":1715727100562,"resourceName":"jmsConnectionFactory"}]}
{"id":"192.168.0.100.tm171572709066300004","wasCommitted":true,"participants":[{"uri":"192.168.0.100.tm4","state":"COMMITTING","expires":1715727100676,"resourceName":"jmsConnectionFactory"}]}
{"id":"192.168.0.100.tm171572709066300004","wasCommitted":true,"participants":[{"uri":"192.168.0.100.tm4","state":"TERMINATED","expires":1715727101580,"resourceName":"jmsConnectionFactory"}]}
{"id":"192.168.0.100.tm171572709168000005","wasCommitted":true,"participants":[{"uri":"192.168.0.100.tm5","state":"COMMITTING","expires":1715727101694,"resourceName":"jmsConnectionFactory"}]}
{"id":"192.168.0.100.tm171572709168000005","wasCommitted":true,"participants":[{"uri":"192.168.0.100.tm5","state":"TERMINATED","expires":1715727102595,"resourceName":"jmsConnectionFactory"}]}
{"id":"192.168.0.100.tm171572709269500006","wasCommitted":true,"participants":[{"uri":"192.168.0.100.tm6","state":"COMMITTING","expires":1715727102707,"resourceName":"jmsConnectionFactory"}]}
{"id":"192.168.0.100.tm171572709269500006","wasCommitted":true,"participants":[{"uri":"192.168.0.100.tm6","state":"TERMINATED","expires":1715727103613,"resourceName":"jmsConnectionFactory"}]}
{"id":"192.168.0.100.tm171572709371400007","wasCommitted":true,"participants":[{"uri":"192.168.0.100.tm7","state":"COMMITTING","expires":1715727103727,"resourceName":"jmsConnectionFactory"}]}
{"id":"192.168.0.100.tm171572709371400007","wasCommitted":true,"participants":[{"uri":"192.168.0.100.tm7","state":"TERMINATED","expires":1715727104628,"resourceName":"jmsConnectionFactory"}]}
{"id":"192.168.0.100.tm171572709481300009","wasCommitted":true,"participants":[{"uri":"192.168.0.100.tm9","state":"COMMITTING","expires":1715727104744,"resourceName":"dataSource"}]}
{"id":"192.168.0.100.tm171572709481300009","wasCommitted":true,"participants":[{"uri":"192.168.0.100.tm9","state":"TERMINATED","expires":1715727104745,"resourceName":"dataSource"}]}
{"id":"192.168.0.100.tm171572709501900010","wasCommitted":true,"participants":[{"uri":"192.168.0.100.tm10","state":"COMMITTING","expires":1715727104924,"resourceName":"dataSource"}]}
{"id":"192.168.0.100.tm171572709501900010","wasCommitted":true,"participants":[{"uri":"192.168.0.100.tm10","state":"TERMINATED","expires":1715727104925,"resourceName":"dataSource"}]}
{"id":"192.168.0.100.tm171572709472800008","wasCommitted":true,"participants":[{"uri":"192.168.0.100.tm8","state":"COMMITTING","expires":1715727104737,"resourceName":"jmsConnectionFactory"}]}
{"id":"192.168.0.100.tm171572709472800008","wasCommitted":true,"participants":[{"uri":"192.168.0.100.tm8","state":"TERMINATED","expires":1715727105638,"resourceName":"jmsConnectionFactory"}]}
{"id":"192.168.0.100.tm171572709502500011","wasCommitted":true,"participants":[{"uri":"192.168.0.100.tm11","state":"COMMITTING","expires":1715727105062,"resourceName":"jmsConnectionFactory"}]}
{"id":"192.168.0.100.tm171572709502500011","wasCommitted":true,"participants":[{"uri":"192.168.0.100.tm11","state":"TERMINATED","expires":1715727105666,"resourceName":"jmsConnectionFactory"}]}
{"id":"192.168.0.100.tm171572709573800012","wasCommitted":true,"participants":[{"uri":"192.168.0.100.tm12","state":"COMMITTING","expires":1715727105779,"resourceName":"jmsConnectionFactory"}]}
{"id":"192.168.0.100.tm171572709573800012","wasCommitted":true,"participants":[{"uri":"192.168.0.100.tm12","state":"TERMINATED","expires":1715727106682,"resourceName":"jmsConnectionFactory"}]}
{"id":"192.168.0.100.tm171572709678300013","wasCommitted":true,"participants":[{"uri":"192.168.0.100.tm13","state":"COMMITTING","expires":1715727106799,"resourceName":"jmsConnectionFactory"}]}
{"id":"192.168.0.100.tm171572709678300013","wasCommitted":true,"participants":[{"uri":"192.168.0.100.tm13","state":"TERMINATED","expires":1715727107700,"resourceName":"jmsConnectionFactory"}]}
{"id":"192.168.0.100.tm171572709780000014","wasCommitted":true,"participants":[{"uri":"192.168.0.100.tm14","state":"COMMITTING","expires":1715727107813,"resourceName":"jmsConnectionFactory"}]}
{"id":"192.168.0.100.tm171572709780000014","wasCommitted":true,"participants":[{"uri":"192.168.0.100.tm14","state":"TERMINATED","expires":1715727108715,"resourceName":"jmsConnectionFactory"}]}
{"id":"192.168.0.100.tm171572709881500015","wasCommitted":true,"participants":[{"uri":"192.168.0.100.tm15","state":"COMMITTING","expires":1715727108824,"resourceName":"jmsConnectionFactory"}]}
{"id":"192.168.0.100.tm171572709881500015","wasCommitted":true,"participants":[{"uri":"192.168.0.100.tm15","state":"TERMINATED","expires":1715727109725,"resourceName":"jmsConnectionFactory"}]}
{"id":"192.168.0.100.tm171572709894600016","wasCommitted":false,"participants":[{"uri":"192.168.0.100.tm17","state":"IN_DOUBT","expires":1715727406070,"resourceName":"192.168.0.100.tm171572709894600016192.168.0.100.tm17"}]}
{"id":"192.168.0.100.tm171572709894600016","wasCommitted":false,"participants":[{"uri":"192.168.0.100.tm16","state":"TERMINATED","expires":1715727119831,"resourceName":"dataSource"},{"uri":"192.168.0.100.tm17","state":"TERMINATED","expires":1715727119831,"resourceName":"jmsConnectionFactory"}]}
{"id":"192.168.0.100.tm171572709982600017","wasCommitted":false,"participants":[{"uri":"192.168.0.100.tm18","state":"TERMINATED","expires":1715727120848,"resourceName":"jmsConnectionFactory"}]}
